<?xml version="1.0" encoding="UTF-8"?>
<robot generator="Robot 6.1.1 (Python 3.12.0 on win32)" generated="20231121 20:34:33.573" rpa="false" schemaversion="4">
<suite id="s1" name="08-Keywords" source="C:\Users\hasba\OneDrive\Masaüstü\robot framework_examp\RF\08-Keywords.robot">
<kw name="Testi chrome Browseri Ile Baslat" type="SETUP" sourcename="Testi ${browser} Browseri Ile Baslat">
<doc>Bu keyword konsoldan parametre ile
Browser adi ile testi ayaga kaldirir
Args chrome= browser adi</doc>
<kw name="Log To Console" library="BuiltIn">
<arg>${browser}</arg>
<doc>Logs the given message to the console.</doc>
<status status="PASS" starttime="20231121 20:34:33.617" endtime="20231121 20:34:33.618"/>
</kw>
<status status="PASS" starttime="20231121 20:34:33.617" endtime="20231121 20:34:33.618"/>
</kw>
<test id="s1-t1" name="Test 01" line="20">
<kw name="Set Variable" library="BuiltIn">
<var>${sayi}</var>
<arg>100</arg>
<doc>Returns the given values which can then be assigned to a variables.</doc>
<msg timestamp="20231121 20:34:33.618" level="INFO">${sayi} = 100</msg>
<status status="PASS" starttime="20231121 20:34:33.618" endtime="20231121 20:34:33.618"/>
</kw>
<kw name="Create List" library="BuiltIn">
<var>@{listem}</var>
<arg>2</arg>
<arg>4</arg>
<arg>6</arg>
<arg>8</arg>
<arg>10</arg>
<arg>${sayi} a</arg>
<doc>Returns a list containing given items.</doc>
<msg timestamp="20231121 20:34:33.619" level="INFO">@{listem} = [ 2 | 4 | 6 | 8 | 10 | 100 a ]</msg>
<status status="PASS" starttime="20231121 20:34:33.619" endtime="20231121 20:34:33.619"/>
</kw>
<kw name="Sayilari Ikiye Bol">
<arg>${listem}</arg>
<doc>Bu keyword gelen sayilari 2'ye boler</doc>
<for flavor="IN">
<var>${e}</var>
<value>@{liste}</value>
<iter>
<var name="${e}">2</var>
<kw name="Evaluate" library="BuiltIn">
<var>${sonuc}</var>
<arg>${e} / 2</arg>
<doc>Evaluates the given expression in Python and returns the result.</doc>
<msg timestamp="20231121 20:34:33.620" level="INFO">${sonuc} = 1.0</msg>
<status status="PASS" starttime="20231121 20:34:33.620" endtime="20231121 20:34:33.620"/>
</kw>
<kw name="Log To Console" library="BuiltIn">
<arg>${sonuc}</arg>
<doc>Logs the given message to the console.</doc>
<status status="PASS" starttime="20231121 20:34:33.620" endtime="20231121 20:34:33.620"/>
</kw>
<status status="PASS" starttime="20231121 20:34:33.620" endtime="20231121 20:34:33.620"/>
</iter>
<iter>
<var name="${e}">4</var>
<kw name="Evaluate" library="BuiltIn">
<var>${sonuc}</var>
<arg>${e} / 2</arg>
<doc>Evaluates the given expression in Python and returns the result.</doc>
<msg timestamp="20231121 20:34:33.621" level="INFO">${sonuc} = 2.0</msg>
<status status="PASS" starttime="20231121 20:34:33.621" endtime="20231121 20:34:33.621"/>
</kw>
<kw name="Log To Console" library="BuiltIn">
<arg>${sonuc}</arg>
<doc>Logs the given message to the console.</doc>
<status status="PASS" starttime="20231121 20:34:33.621" endtime="20231121 20:34:33.621"/>
</kw>
<status status="PASS" starttime="20231121 20:34:33.621" endtime="20231121 20:34:33.621"/>
</iter>
<iter>
<var name="${e}">6</var>
<kw name="Evaluate" library="BuiltIn">
<var>${sonuc}</var>
<arg>${e} / 2</arg>
<doc>Evaluates the given expression in Python and returns the result.</doc>
<msg timestamp="20231121 20:34:33.621" level="INFO">${sonuc} = 3.0</msg>
<status status="PASS" starttime="20231121 20:34:33.621" endtime="20231121 20:34:33.622"/>
</kw>
<kw name="Log To Console" library="BuiltIn">
<arg>${sonuc}</arg>
<doc>Logs the given message to the console.</doc>
<status status="PASS" starttime="20231121 20:34:33.622" endtime="20231121 20:34:33.622"/>
</kw>
<status status="PASS" starttime="20231121 20:34:33.621" endtime="20231121 20:34:33.622"/>
</iter>
<iter>
<var name="${e}">8</var>
<kw name="Evaluate" library="BuiltIn">
<var>${sonuc}</var>
<arg>${e} / 2</arg>
<doc>Evaluates the given expression in Python and returns the result.</doc>
<msg timestamp="20231121 20:34:33.622" level="INFO">${sonuc} = 4.0</msg>
<status status="PASS" starttime="20231121 20:34:33.622" endtime="20231121 20:34:33.622"/>
</kw>
<kw name="Log To Console" library="BuiltIn">
<arg>${sonuc}</arg>
<doc>Logs the given message to the console.</doc>
<status status="PASS" starttime="20231121 20:34:33.622" endtime="20231121 20:34:33.623"/>
</kw>
<status status="PASS" starttime="20231121 20:34:33.622" endtime="20231121 20:34:33.623"/>
</iter>
<iter>
<var name="${e}">10</var>
<kw name="Evaluate" library="BuiltIn">
<var>${sonuc}</var>
<arg>${e} / 2</arg>
<doc>Evaluates the given expression in Python and returns the result.</doc>
<msg timestamp="20231121 20:34:33.623" level="INFO">${sonuc} = 5.0</msg>
<status status="PASS" starttime="20231121 20:34:33.623" endtime="20231121 20:34:33.623"/>
</kw>
<kw name="Log To Console" library="BuiltIn">
<arg>${sonuc}</arg>
<doc>Logs the given message to the console.</doc>
<status status="PASS" starttime="20231121 20:34:33.623" endtime="20231121 20:34:33.624"/>
</kw>
<status status="PASS" starttime="20231121 20:34:33.623" endtime="20231121 20:34:33.624"/>
</iter>
<iter>
<var name="${e}">100 a</var>
<kw name="Evaluate" library="BuiltIn">
<var>${sonuc}</var>
<arg>${e} / 2</arg>
<doc>Evaluates the given expression in Python and returns the result.</doc>
<msg timestamp="20231121 20:34:33.624" level="FAIL">Evaluating expression '100 a / 2' failed: SyntaxError: invalid syntax (&lt;string&gt;, line 1)</msg>
<status status="FAIL" starttime="20231121 20:34:33.624" endtime="20231121 20:34:33.625"/>
</kw>
<kw name="Log To Console" library="BuiltIn">
<arg>${sonuc}</arg>
<doc>Logs the given message to the console.</doc>
<status status="NOT RUN" starttime="20231121 20:34:33.625" endtime="20231121 20:34:33.625"/>
</kw>
<status status="FAIL" starttime="20231121 20:34:33.624" endtime="20231121 20:34:33.625"/>
</iter>
<status status="FAIL" starttime="20231121 20:34:33.620" endtime="20231121 20:34:33.625"/>
</for>
<status status="FAIL" starttime="20231121 20:34:33.619" endtime="20231121 20:34:33.625"/>
</kw>
<kw name="Log To Console" library="BuiltIn">
<arg>${cokYeniDegisken}</arg>
<doc>Logs the given message to the console.</doc>
<status status="NOT RUN" starttime="20231121 20:34:33.625" endtime="20231121 20:34:33.625"/>
</kw>
<doc>Bu test deneme amacli olusturulmustur</doc>
<status status="FAIL" starttime="20231121 20:34:33.618" endtime="20231121 20:34:33.626">Evaluating expression '100 a / 2' failed: SyntaxError: invalid syntax (&lt;string&gt;, line 1)</status>
</test>
<doc>Bu suite ile ABC numarali user storynin ozellikleri test edilir</doc>
<status status="FAIL" starttime="20231121 20:34:33.575" endtime="20231121 20:34:33.627"/>
</suite>
<statistics>
<total>
<stat pass="0" fail="1" skip="0">All Tests</stat>
</total>
<tag>
</tag>
<suite>
<stat pass="0" fail="1" skip="0" id="s1" name="08-Keywords">08-Keywords</stat>
</suite>
</statistics>
<errors>
</errors>
</robot>
