<?xml version="1.0" encoding="UTF-8"?>
<robot generator="Robot 6.1.1 (Python 3.12.0 on win32)" generated="20231205 13:07:12.808" rpa="false" schemaversion="4">
<suite id="s1" name="API01" source="C:\Users\hasba\OneDrive\Masaüstü\robot framework_examp\SeleniumTestler\tests\API01.robot">
<test id="s1-t1" name="API TESTI 01" line="14">
<kw name="Create Session" library="RequestsLibrary" type="SETUP">
<arg>nasa</arg>
<arg>${BASE_URL}</arg>
<doc>Create Session: create a HTTP session to a server</doc>
<msg timestamp="20231205 13:07:12.982" level="INFO">Creating Session using : alias=nasa, url=https://api.nasa.gov, headers={},                     cookies={}, auth=None, timeout=None, proxies=None, verify=False,                     debug=0 </msg>
<status status="PASS" starttime="20231205 13:07:12.982" endtime="20231205 13:07:12.982"/>
</kw>
<kw name="Set Variable" library="BuiltIn">
<var>${END_POINT}</var>
<arg>planetary/apod</arg>
<doc>Returns the given values which can then be assigned to a variables.</doc>
<msg timestamp="20231205 13:07:12.983" level="INFO">${END_POINT} = planetary/apod</msg>
<status status="PASS" starttime="20231205 13:07:12.983" endtime="20231205 13:07:12.983"/>
</kw>
<kw name="Create Dictionary" library="BuiltIn">
<var>${PARAMETRE}</var>
<arg>api_key=${API_KEY}</arg>
<doc>Creates and returns a dictionary based on the given ``items``.</doc>
<msg timestamp="20231205 13:07:12.984" level="INFO">${PARAMETRE} = {'api_key': 'ZJUOmeQwjdxoktl5xCvnEgqXuQhNTRIP2XYbivV8'}</msg>
<status status="PASS" starttime="20231205 13:07:12.984" endtime="20231205 13:07:12.984"/>
</kw>
<kw name="GET On Session" library="RequestsLibrary">
<var>${response}</var>
<arg>nasa</arg>
<arg>${END_POINT}</arg>
<arg>${PARAMETRE}</arg>
<doc>Sends a GET request on a previously created HTTP Session.</doc>
<msg timestamp="20231205 13:07:14.227" level="INFO">GET Request : url=https://api.nasa.gov/planetary/apod?api_key=ZJUOmeQwjdxoktl5xCvnEgqXuQhNTRIP2XYbivV8 
 path_url=/planetary/apod?api_key=ZJUOmeQwjdxoktl5xCvnEgqXuQhNTRIP2XYbivV8 
 headers={'User-Agent': 'python-requests/2.31.0', 'Accept-Encoding': 'gzip, deflate', 'Accept': '*/*', 'Connection': 'keep-alive'} 
 body=None 
 </msg>
<msg timestamp="20231205 13:07:14.227" level="INFO">GET Response : url=https://api.nasa.gov/planetary/apod?api_key=ZJUOmeQwjdxoktl5xCvnEgqXuQhNTRIP2XYbivV8 
 status=200, reason=OK 
 headers={'Date': 'Tue, 05 Dec 2023 10:07:14 GMT', 'Content-Type': 'application/json', 'Transfer-Encoding': 'chunked', 'Connection': 'keep-alive', 'Access-Control-Allow-Origin': '*', 'Access-Control-Expose-Headers': 'X-RateLimit-Limit, X-RateLimit-Remaining', 'Age': '0', 'Content-Encoding': 'gzip', 'Strict-Transport-Security': 'max-age=31536000; includeSubDomains; preload', 'Vary': 'Accept-Encoding', 'Via': 'https/1.1 api-umbrella (ApacheTrafficServer [cMsSf ])', 'X-Api-Umbrella-Request-Id': 'cc75p34ivhj3art55680', 'X-Cache': 'MISS', 'X-Ratelimit-Limit': '2000', 'X-Ratelimit-Remaining': '1992', 'X-Vcap-Request-Id': '976e1f8d-a095-4252-6a0a-798f2bac6677', 'X-Frame-Options': 'DENY', 'X-Content-Type-Options': 'nosniff', 'X-XSS-Protection': '1; mode=block'} 
 body={"date":"2023-12-05","explanation":"It was one of the most energetic particles ever known to strike the Earth -- but where did it come from?  Dubbed Amaterasu after the Shinto sun goddess, this particle, as do all cosmic rays that strike the Earth's atmosphere, caused an air shower of electrons, protons, and other elementary particles to spray down onto the Earth below. In the featured illustration, a cosmic ray air shower is pictured striking the Telescope Array in Utah, USA, which recorded the Amaterasu event in 2021 May.  Cosmic ray air showers are common enough that you likely have been in a particle spray yourself, although you likely wouldn't have noticed.  The origin of this energetic particle, likely the nucleus of an atom, remains a mystery in two ways. First, it is not known how any single particle or atomic nucleus can practically acquire so much energy, and second, attempts to trace the particle back to where it originated did not indicate any likely potential source.    Open Science: Browse 3,200+ codes in the Astrophysics Source Code Library","hdurl":"https://apod.nasa.gov/apod/image/2312/Exaray_OsakaU_1500.jpg","media_type":"image","service_version":"v1","title":"Energetic Particle Strikes the Earth","url":"https://apod.nasa.gov/apod/image/2312/Exaray_OsakaU_1080.jpg"}
 
 </msg>
<msg timestamp="20231205 13:07:14.227" level="INFO">C:\Users\hasba\AppData\Local\Programs\Python\Python312\Lib\site-packages\urllib3\connectionpool.py:1099: InsecureRequestWarning: Unverified HTTPS request is being made to host 'api.nasa.gov'. Adding certificate verification is strongly advised. See: https://urllib3.readthedocs.io/en/latest/advanced-usage.html#tls-warnings
  warnings.warn(</msg>
<msg timestamp="20231205 13:07:14.228" level="INFO">${response} = &lt;Response [200]&gt;</msg>
<status status="PASS" starttime="20231205 13:07:12.985" endtime="20231205 13:07:14.228"/>
</kw>
<kw name="Status Should Be" library="RequestsLibrary">
<arg>200</arg>
<doc>Fails if response status code is different than the expected.</doc>
<status status="PASS" starttime="20231205 13:07:14.228" endtime="20231205 13:07:14.229"/>
</kw>
<kw name="Log To Console" library="BuiltIn">
<arg>${response.json()}</arg>
<doc>Logs the given message to the console.</doc>
<status status="PASS" starttime="20231205 13:07:14.229" endtime="20231205 13:07:14.232"/>
</kw>
<doc>APOD API Testi</doc>
<status status="PASS" starttime="20231205 13:07:12.981" endtime="20231205 13:07:14.232"/>
</test>
<test id="s1-t2" name="API TESTI 02" line="24">
<kw name="Create Session" library="RequestsLibrary" type="SETUP">
<arg>nasa</arg>
<arg>${BASE_URL}</arg>
<doc>Create Session: create a HTTP session to a server</doc>
<msg timestamp="20231205 13:07:14.235" level="INFO">Creating Session using : alias=nasa, url=https://api.nasa.gov, headers={},                     cookies={}, auth=None, timeout=None, proxies=None, verify=False,                     debug=0 </msg>
<status status="PASS" starttime="20231205 13:07:14.234" endtime="20231205 13:07:14.235"/>
</kw>
<kw name="Set Variable" library="BuiltIn">
<var>${END_POINT}</var>
<arg>mars-photos/api/v1/rovers/curiosity/photos</arg>
<doc>Returns the given values which can then be assigned to a variables.</doc>
<msg timestamp="20231205 13:07:14.236" level="INFO">${END_POINT} = mars-photos/api/v1/rovers/curiosity/photos</msg>
<status status="PASS" starttime="20231205 13:07:14.236" endtime="20231205 13:07:14.236"/>
</kw>
<kw name="Create Dictionary" library="BuiltIn">
<var>${PARAMETRE}</var>
<arg>sol=1000</arg>
<arg>page=2</arg>
<arg>api_key=${API_KEY}</arg>
<doc>Creates and returns a dictionary based on the given ``items``.</doc>
<msg timestamp="20231205 13:07:14.237" level="INFO">${PARAMETRE} = {'sol': '1000', 'page': '2', 'api_key': 'ZJUOmeQwjdxoktl5xCvnEgqXuQhNTRIP2XYbivV8'}</msg>
<status status="PASS" starttime="20231205 13:07:14.236" endtime="20231205 13:07:14.237"/>
</kw>
<kw name="GET On Session" library="RequestsLibrary">
<var>${response}</var>
<arg>nasa</arg>
<arg>${END_POINT}</arg>
<arg>${PARAMETRE}</arg>
<doc>Sends a GET request on a previously created HTTP Session.</doc>
<msg timestamp="20231205 13:07:15.408" level="INFO">GET Request : url=https://api.nasa.gov/mars-photos/api/v1/rovers/curiosity/photos?sol=1000&amp;page=2&amp;api_key=ZJUOmeQwjdxoktl5xCvnEgqXuQhNTRIP2XYbivV8 
 path_url=/mars-photos/api/v1/rovers/curiosity/photos?sol=1000&amp;page=2&amp;api_key=ZJUOmeQwjdxoktl5xCvnEgqXuQhNTRIP2XYbivV8 
 headers={'User-Agent': 'python-requests/2.31.0', 'Accept-Encoding': 'gzip, deflate', 'Accept': '*/*', 'Connection': 'keep-alive'} 
 body=None 
 </msg>
<msg timestamp="20231205 13:07:15.409" level="INFO">GET Response : url=https://api.nasa.gov/mars-photos/api/v1/rovers/curiosity/photos?sol=1000&amp;page=2&amp;api_key=ZJUOmeQwjdxoktl5xCvnEgqXuQhNTRIP2XYbivV8 
 status=200, reason=OK 
 headers={'Date': 'Tue, 05 Dec 2023 10:07:15 GMT', 'Content-Type': 'application/json; charset=utf-8', 'Transfer-Encoding': 'chunked', 'Connection': 'keep-alive', 'Access-Control-Allow-Origin': '*', 'Age': '0', 'Cache-Control': 'max-age=0, private, must-revalidate', 'Content-Encoding': 'gzip', 'Etag': 'W/"4de2b42a30539a2bbec7cc25da4d653c"', 'Nel': '{"report_to":"heroku-nel","max_age":3600,"success_fraction":0.005,"failure_fraction":0.05,"response_headers":["Via"]}', 'Referrer-Policy': 'strict-origin-when-cross-origin', 'Report-To': '{"group":"heroku-nel","max_age":3600,"endpoints":[{"url":"https://nel.heroku.com/reports?ts=1701770835&amp;sid=929419e7-33ea-4e2f-85f0-7d8b7cd5cbd6&amp;s=W7B0ViiVNVRJW5Ci2KMCH1CPoYVQZRIQa0TXodplrJc%3D"}]}', 'Reporting-Endpoints': 'heroku-nel=https://nel.heroku.com/reports?ts=1701770835&amp;sid=929419e7-33ea-4e2f-85f0-7d8b7cd5cbd6&amp;s=W7B0ViiVNVRJW5Ci2KMCH1CPoYVQZRIQa0TXodplrJc%3D', 'Strict-Transport-Security': 'max-age=63072000; includeSubDomains, max-age=31536000; includeSubDomains; preload', 'Vary': 'Accept-Encoding, Origin', 'Via': '1.1 vegur, https/1.1 api-umbrella (ApacheTrafficServer [cMsSf ])', 'X-Api-Umbrella-Request-Id': 'cc75p3ccvj1km2idns80', 'X-Cache': 'MISS', 'X-Content-Type-Options': 'nosniff', 'X-Download-Options': 'noopen', 'X-Permitted-Cross-Domain-Policies': 'none', 'X-Ratelimit-Limit': '2000', 'X-Ratelimit-Remaining': '1991', 'X-Request-Id': '53d8080d-448b-4a59-86af-1fb8dc18ad1b', 'X-Runtime': '0.110106', 'X-Vcap-Request-Id': '39a9e03c-a287-40c9-739a-a6ff1f8b51a4', 'X-Xss-Protection': '1; mode=block', 'X-Frame-Options': 'SAMEORIGIN'} 
 body={"photos":[{"id":424926,"sol":1000,"camera":{"id":22,"name":"MAST","rover_id":5,"full_name":"Mast Camera"},"img_src":"http://mars.jpl.nasa.gov/msl-raw-images/msss/01000/mcam/1000ML0044631200305217E01_DXXX.jpg","earth_date":"2015-05-30","rover":{"id":5,"name":"Curiosity","landing_date":"2012-08-06","launch_date":"2011-11-26","status":"active","max_sol":4024,"max_date":"2023-12-01","total_photos":687039,"cameras":[{"name":"FHAZ","full_name":"Front Hazard Avoidance Camera"},{"name":"NAVCAM","full_name":"Navigation Camera"},{"name":"MAST","full_name":"Mast Camera"},{"name":"CHEMCAM","full_name":"Chemistry and Camera Complex"},{"name":"MAHLI","full_name":"Mars Hand Lens Imager"},{"name":"MARDI","full_name":"Mars Descent Imager"},{"name":"RHAZ","full_name":"Rear Hazard Avoidance Camera"}]}},{"id":424927,"sol":1000,"camera":{"id":22,"name":"MAST","rover_id":5,"full_name":"Mast Camera"},"img_src":"http://mars.jpl.nasa.gov/msl-raw-images/msss/01000/mcam/1000MR0044631190503679E04_DXXX.jpg","earth_date":"2015-05-30","rover":{"id":5,"name":"Curiosity","landing_date":"2012-08-06","launch_date":"2011-11-26","status":"active","max_sol":4024,"max_date":"2023-12-01","total_photos":687039,"cameras":[{"name":"FHAZ","full_name":"Front Hazard Avoidance Camera"},{"name":"NAVCAM","full_name":"Navigation Camera"},{"name":"MAST","full_name":"Mast Camera"},{"name":"CHEMCAM","full_name":"Chemistry and Camera Complex"},{"name":"MAHLI","full_name":"Mars Hand Lens Imager"},{"name":"MARDI","full_name":"Mars Descent Imager"},{"name":"RHAZ","full_name":"Rear Hazard Avoidance Camera"}]}},{"id":424928,"sol":1000,"camera":{"id":22,"name":"MAST","rover_id":5,"full_name":"Mast Camera"},"img_src":"http://mars.jpl.nasa.gov/msl-raw-images/msss/01000/mcam/1000ML0044631190305216E04_DXXX.jpg","earth_date":"2015-05-30","rover":{"id":5,"name":"Curiosity","landing_date":"2012-08-06","launch_date":"2011-11-26","status":"active","max_sol":4024,"max_date":"2023-12-01","total_photos":687039,"cameras":[{"name":"FHAZ","full_name":"Front Hazard Avoidance Camera"},{"name":"NAVCAM","full_name":"Navigation Camera"},{"name":"MAST","full_name":"Mast Camera"},{"name":"CHEMCAM","full_name":"Chemistry and Camera Complex"},{"name":"MAHLI","full_name":"Mars Hand Lens Imager"},{"name":"MARDI","full_name":"Mars Descent Imager"},{"name":"RHAZ","full_name":"Rear Hazard Avoidance Camera"}]}},{"id":424929,"sol":1000,"camera":{"id":22,"name":"MAST","rover_id":5,"full_name":"Mast Camera"},"img_src":"http://mars.jpl.nasa.gov/msl-raw-images/msss/01000/mcam/1000MR0044631180503678E01_DXXX.jpg","earth_date":"2015-05-30","rover":{"id":5,"name":"Curiosity","landing_date":"2012-08-06","launch_date":"2011-11-26","status":"active","max_sol":4024,"max_date":"2023-12-01","total_photos":687039,"cameras":[{"name":"FHAZ","full_name":"Front Hazard Avoidance Camera"},{"name":"NAVCAM","full_name":"Navigation Camera"},{"name":"MAST","full_name":"Mast Camera"},{"name":"CHEMCAM","full_name":"Chemistry and Camera Complex"},{"name":"MAHLI","full_name":"Mars Hand Lens Imager"},{"name":"MARDI","full_name":"Mars Descent Imager"},{"name":"RHAZ","full_name":"Rear Hazard Avoidance Camera"}]}},{"id":424930,"sol":1000,"camera":{"id":22,"name":"MAST","rover_id":5,"full_name":"Mast Camera"},"img_src":"http://mars.jpl.nasa.gov/msl-raw-images/msss/01000/mcam/1000ML0044631180305215E01_DXXX.jpg","earth_date":"2015-05-30","rover":{"id":5,"name":"Curiosity","landing_date":"2012-08-06","launch_date":"2011-11-26","status":"active","max_sol":4024,"max_date":"2023-12-01","total_photos":687039,"cameras":[{"name":"FHAZ","full_name":"Front Hazard Avoidance Camera"},{"name":"NAVCAM","full_name":"Navigation Camera"},{"name":"MAST","full_name":"Mast Camera"},{"name":"CHEMCAM","full_name":"Chemistry and Camera Complex"},{"name":"MAHLI","full_name":"Mars Hand Lens Imager"},{"name":"MARDI","full_name":"Mars Descent Imager"},{"name":"RHAZ","full_name":"Rear Hazard Avoidance Camera"}]}},{"id":424931,"sol":1000,"camera":{"id":22,"name":"MAST","rover_id":5,"full_name":"Mast Camera"},"img_src":"http://mars.jpl.nasa.gov/msl-raw-images/msss/01000/mcam/1000MR0044631170503677E03_DXXX.jpg","earth_date":"2015-05-30","rover":{"id":5,"name":"Curiosity","landing_date":"2012-08-06","launch_date":"2011-11-26","status":"active","max_sol":4024,"max_date":"2023-12-01","total_photos":687039,"cameras":[{"name":"FHAZ","full_name":"Front Hazard Avoidance Camera"},{"name":"NAVCAM","full_name":"Navigation Camera"},{"name":"MAST","full_name":"Mast Camera"},{"name":"CHEMCAM","full_name":"Chemistry and Camera Complex"},{"name":"MAHLI","full_name":"Mars Hand Lens Imager"},{"name":"MARDI","full_name":"Mars Descent Imager"},{"name":"RHAZ","full_name":"Rear Hazard Avoidance Camera"}]}},{"id":424932,"sol":1000,"camera":{"id":22,"name":"MAST","rover_id":5,"full_name":"Mast Camera"},"img_src":"http://mars.jpl.nasa.gov/msl-raw-images/msss/01000/mcam/1000ML0044631170305214E01_DXXX.jpg","earth_date":"2015-05-30","rover":{"id":5,"name":"Curiosity","landing_date":"2012-08-06","launch_date":"2011-11-26","status":"active","max_sol":4024,"max_date":"2023-12-01","total_photos":687039,"cameras":[{"name":"FHAZ","full_name":"Front Hazard Avoidance Camera"},{"name":"NAVCAM","full_name":"Navigation Camera"},{"name":"MAST","full_name":"Mast Camera"},{"name":"CHEMCAM","full_name":"Chemistry and Camera Complex"},{"name":"MAHLI","full_name":"Mars Hand Lens Imager"},{"name":"MARDI","full_name":"Mars Descent Imager"},{"name":"RHAZ","full_name":"Rear Hazard Avoidance Camera"}]}},{"id":424933,"sol":1000,"camera":{"id":22,"name":"MAST","rover_id":5,"full_name":"Mast Camera"},"img_src":"http://mars.jpl.nasa.gov/msl-raw-images/msss/01000/mcam/1000MR0044631160503676E02_DXXX.jpg","earth_date":"2015-05-30","rover":{"id":5,"name":"Curiosity","landing_date":"2012-08-06","launch_date":"2011-11-26","status":"active","max_sol":4024,"max_date":"2023-12-01","total_photos":687039,"cameras":[{"name":"FHAZ","full_name":"Front Hazard Avoidance Camera"},{"name":"NAVCAM","full_name":"Navigation Camera"},{"name":"MAST","full_name":"Mast Camera"},{"name":"CHEMCAM","full_name":"Chemistry and Camera Complex"},{"name":"MAHLI","full_name":"Mars Hand Lens Imager"},{"name":"MARDI","full_name":"Mars Descent Imager"},{"name":"RHAZ","full_name":"Rear Hazard Avoidance Camera"}]}},{"id":424934,"sol":1000,"camera":{"id":22,"name":"MAST","rover_id":5,"full_name":"Mast Camera"},"img_src":"http://mars.jpl.nasa.gov/msl-raw-images/msss/01000/mcam/1000ML0044631160305213E01_DXXX.jpg","earth_date":"2015-05-30","rover":{"id":5,"name":"Curiosity","landing_date":"2012-08-06","launch_date":"2011-11-26","status":"active","max_sol":4024,"max_date":"2023-12-01","total_photos":687039,"cameras":[{"name":"FHAZ","full_name":"Front Hazard Avoidance Camera"},{"name":"NAVCAM","full_name":"Navigation Camera"},{"name":"MAST","full_name":"Mast Camera"},{"name":"CHEMCAM","full_name":"Chemistry and Camera Complex"},{"name":"MAHLI","full_name":"Mars Hand Lens Imager"},{"name":"MARDI","full_name":"Mars Descent Imager"},{"name":"RHAZ","full_name":"Rear Hazard Avoidance Camera"}]}},{"id":424935,"sol":1000,"camera":{"id":22,"name":"MAST","rover_id":5,"full_name":"Mast Camera"},"img_src":"http://mars.jpl.nasa.gov/msl-raw-images/msss/01000/mcam/1000MR0044631150503675E02_DXXX.jpg","earth_date":"2015-05-30","rover":{"id":5,"name":"Curiosity","landing_date":"2012-08-06","launch_date":"2011-11-26","status":"active","max_sol":4024,"max_date":"2023-12-01","total_photos":687039,"cameras":[{"name":"FHAZ","full_name":"Front Hazard Avoidance Camera"},{"name":"NAVCAM","full_name":"Navigation Camera"},{"name":"MAST","full_name":"Mast Camera"},{"name":"CHEMCAM","full_name":"Chemistry and Camera Complex"},{"name":"MAHLI","full_name":"Mars Hand Lens Imager"},{"name":"MARDI","full_name":"Mars Descent Imager"},{"name":"RHAZ","full_name":"Rear Hazard Avoidance Camera"}]}},{"id":424936,"sol":1000,"camera":{"id":22,"name":"MAST","rover_id":5,"full_name":"Mast Camera"},"img_src":"http://mars.jpl.nasa.gov/msl-raw-images/msss/01000/mcam/1000ML0044631150305212E01_DXXX.jpg","earth_date":"2015-05-30","rover":{"id":5,"name":"Curiosity","landing_date":"2012-08-06","launch_date":"2011-11-26","status":"active","max_sol":4024,"max_date":"2023-12-01","total_photos":687039,"cameras":[{"name":"FHAZ","full_name":"Front Hazard Avoidance Camera"},{"name":"NAVCAM","full_name":"Navigation Camera"},{"name":"MAST","full_name":"Mast Camera"},{"name":"CHEMCAM","full_name":"Chemistry and Camera Complex"},{"name":"MAHLI","full_name":"Mars Hand Lens Imager"},{"name":"MARDI","full_name":"Mars Descent Imager"},{"name":"RHAZ","full_name":"Rear Hazard Avoidance Camera"}]}},{"id":424937,"sol":1000,"camera":{"id":22,"name":"MAST","rover_id":5,"full_name":"Mast Camera"},"img_src":"http://mars.jpl.nasa.gov/msl-raw-images/msss/01000/mcam/1000MR0044631140503674E01_DXXX.jpg","earth_date":"2015-05-30","rover":{"id":5,"name":"Curiosity","landing_date":"2012-08-06","launch_date":"2011-11-26","status":"active","max_sol":4024,"max_date":"2023-12-01","total_photos":687039,"cameras":[{"name":"FHAZ","full_name":"Front Hazard Avoidance Camera"},{"name":"NAVCAM","full_name":"Navigation Camera"},{"name":"MAST","full_name":"Mast Camera"},{"name":"CHEMCAM","full_name":"Chemistry and Camera Complex"},{"name":"MAHLI","full_name":"Mars Hand Lens Imager"},{"name":"MARDI","full_name":"Mars Descent Imager"},{"name":"RHAZ","full_name":"Rear Hazard Avoidance Camera"}]}},{"id":424938,"sol":1000,"camera":{"id":22,"name":"MAST","rover_id":5,"full_name":"Mast Camera"},"img_src":"http://mars.jpl.nasa.gov/msl-raw-images/msss/01000/mcam/1000ML0044631140305211E02_DXXX.jpg","earth_date":"2015-05-30","rover":{"id":5,"name":"Curiosity","landing_date":"2012-08-06","launch_date":"2011-11-26","status":"active","max_sol":4024,"max_date":"2023-12-01","total_photos":687039,"cameras":[{"name":"FHAZ","full_name":"Front Hazard Avoidance Camera"},{"name":"NAVCAM","full_name":"Navigation Camera"},{"name":"MAST","full_name":"Mast Camera"},{"name":"CHE... (set the log level to DEBUG or TRACE to see the full content) 
 </msg>
<msg timestamp="20231205 13:07:15.410" level="INFO">C:\Users\hasba\AppData\Local\Programs\Python\Python312\Lib\site-packages\urllib3\connectionpool.py:1099: InsecureRequestWarning: Unverified HTTPS request is being made to host 'api.nasa.gov'. Adding certificate verification is strongly advised. See: https://urllib3.readthedocs.io/en/latest/advanced-usage.html#tls-warnings
  warnings.warn(</msg>
<msg timestamp="20231205 13:07:15.413" level="INFO">${response} = &lt;Response [200]&gt;</msg>
<status status="PASS" starttime="20231205 13:07:14.237" endtime="20231205 13:07:15.413"/>
</kw>
<kw name="Status Should Be" library="RequestsLibrary">
<arg>200</arg>
<doc>Fails if response status code is different than the expected.</doc>
<status status="PASS" starttime="20231205 13:07:15.415" endtime="20231205 13:07:15.415"/>
</kw>
<kw name="Log To Console" library="BuiltIn">
<arg>${response.json()}</arg>
<doc>Logs the given message to the console.</doc>
<status status="PASS" starttime="20231205 13:07:15.417" endtime="20231205 13:07:15.470"/>
</kw>
<doc>Mars Fotolarinin API Testi</doc>
<status status="PASS" starttime="20231205 13:07:14.234" endtime="20231205 13:07:15.470"/>
</test>
<status status="PASS" starttime="20231205 13:07:12.809" endtime="20231205 13:07:15.472"/>
</suite>
<statistics>
<total>
<stat pass="2" fail="0" skip="0">All Tests</stat>
</total>
<tag>
</tag>
<suite>
<stat pass="2" fail="0" skip="0" id="s1" name="API01">API01</stat>
</suite>
</statistics>
<errors>
</errors>
</robot>
