<?xml version="1.0" encoding="UTF-8"?>
<robot generator="Robot 6.1.1 (Python 3.12.0 on win32)" generated="20231125 23:21:42.005" rpa="false" schemaversion="4">
<suite id="s1" name="Test01" source="C:\Users\hasba\OneDrive\Masaüstü\robot framework_examp\SeleniumTestler\tests\test01.robot">
<test id="s1-t1" name="ilk testim" line="5">
<kw name="Open Browser" library="SeleniumLibrary">
<arg>https://www.google.com</arg>
<arg>chrome</arg>
<doc>Opens a new browser instance to the optional ``url``.</doc>
<msg timestamp="20231125 23:21:42.316" level="INFO">Opening browser 'chrome' to base url 'https://www.google.com'.</msg>
<status status="PASS" starttime="20231125 23:21:42.315" endtime="20231125 23:21:46.918"/>
</kw>
<kw name="Input Text" library="SeleniumLibrary">
<arg>xpath=//textarea[@id="APjFqb"]</arg>
<arg>Robot Framework</arg>
<doc>Types the given ``text`` into the text field identified by ``locator``.</doc>
<msg timestamp="20231125 23:21:46.919" level="INFO">Typing text 'Robot Framework' into text field 'xpath=//textarea[@id="APjFqb"]'.</msg>
<status status="PASS" starttime="20231125 23:21:46.918" endtime="20231125 23:21:47.131"/>
</kw>
<kw name="Press Keys" library="SeleniumLibrary">
<arg>APjFqb</arg>
<arg>ENTER</arg>
<doc>Simulates the user pressing key(s) to an element or on the active browser.</doc>
<msg timestamp="20231125 23:21:47.137" level="INFO">Sending key(s) ('ENTER',) to APjFqb element.</msg>
<msg timestamp="20231125 23:21:47.455" level="INFO">Pressing special key ENTER to element.</msg>
<msg timestamp="20231125 23:21:47.455" level="INFO">Releasing special key ENTER.</msg>
<status status="PASS" starttime="20231125 23:21:47.136" endtime="20231125 23:21:51.415"/>
</kw>
<kw name="Get Text" library="SeleniumLibrary">
<var>${sonucTexti}</var>
<arg>id=result-stats</arg>
<doc>Returns the text value of the element identified by ``locator``.</doc>
<msg timestamp="20231125 23:21:51.451" level="INFO">${sonucTexti} = Yaklaşık 86.700.000 sonuç bulundu (0,36 saniye) </msg>
<status status="PASS" starttime="20231125 23:21:51.416" endtime="20231125 23:21:51.451"/>
</kw>
<kw name="Log To Console" library="BuiltIn">
<arg>${sonucTexti}</arg>
<doc>Logs the given message to the console.</doc>
<status status="PASS" starttime="20231125 23:21:51.451" endtime="20231125 23:21:51.452"/>
</kw>
<status status="PASS" starttime="20231125 23:21:42.315" endtime="20231125 23:21:51.452"/>
</test>
<status status="PASS" starttime="20231125 23:21:42.007" endtime="20231125 23:21:51.455"/>
</suite>
<statistics>
<total>
<stat pass="1" fail="0" skip="0">All Tests</stat>
</total>
<tag>
</tag>
<suite>
<stat pass="1" fail="0" skip="0" id="s1" name="Test01">Test01</stat>
</suite>
</statistics>
<errors>
</errors>
</robot>
