<?xml version="1.0" encoding="UTF-8"?>
<robot generator="Robot 6.1.1 (Python 3.12.0 on win32)" generated="20231113 08:43:22.522" rpa="false" schemaversion="4">
<suite id="s1" name="03-IF Else" source="C:\Users\hasba\OneDrive\Masaüstü\robot framework_examp\RF\03-IF_Else.robot">
<test id="s1-t1" name="Test 01" line="12">
<if>
<branch type="IF" condition="${sayi2} &gt; ${sayi1}">
<kw name="Log To Console" library="BuiltIn">
<arg>${sayi2}, ${sayi1}'den buyuktur</arg>
<doc>Logs the given message to the console.</doc>
<status status="PASS" starttime="20231113 08:43:22.565" endtime="20231113 08:43:22.565"/>
</kw>
<status status="PASS" starttime="20231113 08:43:22.563" endtime="20231113 08:43:22.565"/>
</branch>
<branch type="ELSE">
<kw name="Log To Console" library="BuiltIn">
<arg>${sayi1}, ${sayi2}'den buyuktur</arg>
<doc>Logs the given message to the console.</doc>
<status status="NOT RUN" starttime="20231113 08:43:22.565" endtime="20231113 08:43:22.565"/>
</kw>
<status status="NOT RUN" starttime="20231113 08:43:22.565" endtime="20231113 08:43:22.565"/>
</branch>
<status status="PASS" starttime="20231113 08:43:22.563" endtime="20231113 08:43:22.565"/>
</if>
<if>
<branch type="IF" condition="&quot;Bu&quot; in &quot;${cumle}&quot;">
<kw name="Log To Console" library="BuiltIn">
<arg>"Bu" kelimesi mevcut</arg>
<doc>Logs the given message to the console.</doc>
<status status="PASS" starttime="20231113 08:43:22.566" endtime="20231113 08:43:22.566"/>
</kw>
<status status="PASS" starttime="20231113 08:43:22.566" endtime="20231113 08:43:22.566"/>
</branch>
<status status="PASS" starttime="20231113 08:43:22.566" endtime="20231113 08:43:22.566"/>
</if>
<status status="PASS" starttime="20231113 08:43:22.563" endtime="20231113 08:43:22.566"/>
</test>
<status status="PASS" starttime="20231113 08:43:22.530" endtime="20231113 08:43:22.569"/>
</suite>
<statistics>
<total>
<stat pass="1" fail="0" skip="0">All Tests</stat>
</total>
<tag>
</tag>
<suite>
<stat pass="1" fail="0" skip="0" id="s1" name="03-IF Else">03-IF Else</stat>
</suite>
</statistics>
<errors>
</errors>
</robot>
